<?xml version="1.0" encoding="UTF-8"?>
<!-- Generated by org.testng.reporters.JUnitReportReporter -->
<testsuite hostname="DESKTOP-QE60BAB" failures="0" tests="2" name="demoPackage.TestNG_testcases" time="12.187" errors="0" timestamp="2023-04-23T22:41:27 IST" skipped="0">
  <testcase classname="demoPackage.TestNG_testcases" name="m2" time="5.438"/>
  <system-out/>
  <testcase classname="demoPackage.TestNG_testcases" name="m1" time="6.749"/>
  <system-out/>
</testsuite> <!-- demoPackage.TestNG_testcases -->
