<?xml version="1.0" encoding="UTF-8"?>
<!-- Generated by org.testng.reporters.JUnitReportReporter -->
<testsuite hostname="DESKTOP-QE60BAB" failures="0" tests="3" name="testNG_features.Annotations1" time="0.016" errors="0" timestamp="2023-05-14T13:51:50 IST" skipped="0">
  <testcase classname="testNG_features.Annotations1" name="googleTitle" time="0.000"/>
  <system-out/>
  <testcase classname="testNG_features.Annotations1" name="googleTiltle2" time="0.000"/>
  <system-out/>
  <testcase classname="testNG_features.Annotations1" name="googleTitle1" time="0.016"/>
  <system-out/>
</testsuite> <!-- testNG_features.Annotations1 -->
