<?xml version="1.0" encoding="UTF-8"?>
<!-- Generated by org.testng.reporters.JUnitReportReporter -->
<testsuite hostname="DESKTOP-QE60BAB" failures="0" tests="10" name="testNG_features.Keyword5" time="0.000" errors="0" timestamp="2023-05-14T13:51:49 IST" skipped="0">
  <testcase classname="testNG_features.Keyword5" name="m2" time="0.000"/>
  <system-out/>
  <testcase classname="testNG_features.Keyword5" name="m2" time="0.000"/>
  <system-out/>
  <testcase classname="testNG_features.Keyword5" name="m2" time="0.000"/>
  <system-out/>
  <testcase classname="testNG_features.Keyword5" name="m2" time="0.000"/>
  <system-out/>
  <testcase classname="testNG_features.Keyword5" name="m2" time="0.000"/>
  <system-out/>
  <testcase classname="testNG_features.Keyword5" name="m2" time="0.000"/>
  <system-out/>
  <testcase classname="testNG_features.Keyword5" name="m2" time="0.000"/>
  <system-out/>
  <testcase classname="testNG_features.Keyword5" name="m2" time="0.000"/>
  <system-out/>
  <testcase classname="testNG_features.Keyword5" name="m2" time="0.000"/>
  <system-out/>
  <testcase classname="testNG_features.Keyword5" name="m2" time="0.000"/>
  <system-out/>
</testsuite> <!-- testNG_features.Keyword5 -->
