<?xml version="1.0" encoding="UTF-8"?>
<!-- Generated by org.testng.reporters.JUnitReportReporter -->
<testsuite hostname="DESKTOP-QE60BAB" failures="0" tests="3" name="testNG_features.Keywords1" time="33.770" errors="0" timestamp="2023-05-14T14:00:14 IST" skipped="0">
  <testcase classname="testNG_features.Keywords1" name="A" time="10.684"/>
  <system-out/>
  <testcase classname="testNG_features.Keywords1" name="B" time="11.779"/>
  <system-out/>
  <testcase classname="testNG_features.Keywords1" name="C" time="11.307"/>
  <system-out/>
</testsuite> <!-- testNG_features.Keywords1 -->
