<?xml version="1.0" encoding="UTF-8"?>
<!-- Generated by org.testng.reporters.JUnitReportReporter -->
<testsuite hostname="DESKTOP-QE60BAB" failures="0" tests="2" name="TestNG_Assertion.Assertion1" time="32.339" errors="0" timestamp="2023-05-12T12:45:51 IST" skipped="0">
  <testcase classname="TestNG_Assertion.Assertion1" name="Username" time="10.744"/>
  <system-out/>
  <testcase classname="TestNG_Assertion.Assertion1" name="OrangeHRM" time="21.595"/>
  <system-out/>
</testsuite> <!-- TestNG_Assertion.Assertion1 -->
