<?xml version="1.0" encoding="UTF-8"?>
<!-- Generated by org.testng.reporters.JUnitReportReporter -->
<testsuite hostname="DESKTOP-QE60BAB" failures="0" tests="4" name="testNG_features.Keyword4" time="0.014" errors="0" timestamp="2023-05-14T14:01:45 IST" skipped="0">
  <testcase classname="testNG_features.Keyword4" name="Searchpage" time="0.002"/>
  <system-out/>
  <testcase classname="testNG_features.Keyword4" name="RefreshPage" time="0.001"/>
  <system-out/>
  <testcase classname="testNG_features.Keyword4" name="Homepage" time="0.001"/>
  <system-out/>
  <testcase classname="testNG_features.Keyword4" name="loginTest" time="0.010"/>
  <system-out/>
</testsuite> <!-- testNG_features.Keyword4 -->
