<?xml version="1.0" encoding="UTF-8"?>
<!-- Generated by org.testng.reporters.JUnitReportReporter -->
<testsuite hostname="DESKTOP-QE60BAB" failures="0" tests="2" name="testNG_features.Keyword9" time="0.000" errors="0" timestamp="2023-05-14T13:51:49 IST" skipped="0">
  <testcase classname="testNG_features.Keyword9" name="OrangHRmTest" time="0.000"/>
  <system-out>
    <![CDATA[running hrm test]]>
  </system-out>
  <testcase classname="testNG_features.Keyword9" name="OrangeHRMSearch" time="0.000"/>
  <system-out>
    <![CDATA[Running OrangeHRM Search]]>
  </system-out>
</testsuite> <!-- testNG_features.Keyword9 -->
