<?xml version="1.0" encoding="UTF-8"?>
<!-- Generated by org.testng.reporters.JUnitReportReporter -->
<testsuite hostname="DESKTOP-QE60BAB" failures="0" tests="6" name="testNG_features.Keyword3" time="22.591" errors="0" timestamp="2023-05-14T13:51:49 IST" skipped="4">
  <testcase classname="testNG_features.Keyword3" name="Test3" time="11.025"/>
  <system-out/>
  <testcase classname="testNG_features.Keyword3" name="OrangeHRMLink" time="11.566"/>
  <system-out/>
  <testcase classname="testNG_features.Keyword3" name="OrangeHRMTitle">
    <skipped/>
  </testcase> <!-- OrangeHRMTitle -->
  <system-out/>
  <testcase classname="testNG_features.Keyword3" name="Test1">
    <skipped/>
  </testcase> <!-- Test1 -->
  <system-out/>
  <testcase classname="testNG_features.Keyword3" name="OrangeHRMLogo">
    <skipped/>
  </testcase> <!-- OrangeHRMLogo -->
  <system-out/>
  <testcase classname="testNG_features.Keyword3" name="Test2">
    <skipped/>
  </testcase> <!-- Test2 -->
  <system-out/>
</testsuite> <!-- testNG_features.Keyword3 -->
