<?xml version="1.0" encoding="UTF-8"?>
<!-- Generated by org.testng.reporters.JUnitReportReporter -->
<testsuite hostname="DESKTOP-QE60BAB" failures="0" tests="1" name="testNG_features.IncludeandExcludeTcs" time="10.417" errors="0" timestamp="2023-05-14T14:16:03 IST" skipped="0">
  <testcase classname="testNG_features.IncludeandExcludeTcs" name="M1" time="10.417"/>
  <system-out/>
</testsuite> <!-- testNG_features.IncludeandExcludeTcs -->
