<?xml version="1.0" encoding="UTF-8"?>
<!-- Generated by org.testng.reporters.JUnitReportReporter -->
<testsuite hostname="DESKTOP-QE60BAB" failures="0" tests="3" name="testNG_features.Keyword1" time="31.704" errors="0" timestamp="2023-05-14T13:51:49 IST" skipped="0">
  <testcase classname="testNG_features.Keyword1" name="HRMLogo" time="10.988"/>
  <system-out/>
  <testcase classname="testNG_features.Keyword1" name="HRMTitle" time="9.562"/>
  <system-out/>
  <testcase classname="testNG_features.Keyword1" name="forgotpasslink" time="11.154"/>
  <system-out/>
</testsuite> <!-- testNG_features.Keyword1 -->
