<?xml version="1.0" encoding="UTF-8"?>
<!-- Generated by org.testng.reporters.JUnitReportReporter -->
<testsuite hostname="DESKTOP-QE60BAB" failures="0" tests="1" name="testNG_features.Keyword7" time="0.023" errors="0" timestamp="2023-05-14T14:00:14 IST" skipped="0">
  <testcase classname="testNG_features.Keyword7" name="loop" time="0.023"/>
  <system-out/>
</testsuite> <!-- testNG_features.Keyword7 -->
