<?xml version="1.0" encoding="UTF-8"?>
<!-- Generated by org.testng.reporters.JUnitReportReporter -->
<testsuite hostname="DESKTOP-QE60BAB" failures="0" tests="1" name="demoPackage.DemoClass" time="14.593" errors="0" timestamp="2023-04-27T12:53:11 IST" skipped="0">
  <testcase classname="demoPackage.DemoClass" name="m1" time="14.593"/>
  <system-out/>
</testsuite> <!-- demoPackage.DemoClass -->
