<?xml version="1.0" encoding="UTF-8"?>
<!-- Generated by org.testng.reporters.JUnitReportReporter -->
<testsuite hostname="DESKTOP-QE60BAB" failures="0" tests="6" name="testNG_features.Keyword2" time="71.123" errors="0" timestamp="2023-05-14T13:51:50 IST" skipped="0">
  <testcase classname="testNG_features.Keyword2" name="Test3" time="12.455"/>
  <system-out/>
  <testcase classname="testNG_features.Keyword2" name="OrangeHRMTitle" time="11.325"/>
  <system-out/>
  <testcase classname="testNG_features.Keyword2" name="OrangeHRMLogo" time="12.721"/>
  <system-out/>
  <testcase classname="testNG_features.Keyword2" name="OrangeHRMLink" time="10.597"/>
  <system-out/>
  <testcase classname="testNG_features.Keyword2" name="Test1" time="14.602"/>
  <system-out/>
  <testcase classname="testNG_features.Keyword2" name="Test2" time="9.423"/>
  <system-out/>
</testsuite> <!-- testNG_features.Keyword2 -->
